<?xml version="1.0" encoding="UTF-8" ?>
<testsuite tests="1" failures="1" name="Jen_Demo.NewTest" time="0.159" errors="0" skipped="0">
  <properties>
[...]
</properties>
  <testcase classname="Jen_Demo.NewTest" name="NewTest" time="0.159">
    <failure message="The driver executable is a directory: C:\Users\SRIVALLIPAVANAGAYATH\Downloads\chromedriver_win32" type="java.lang.IllegalStateException">java.lang.IllegalStateException: The driver executable is a directory: C:\Users\SRIVALLIPAVANAGAYATH\Downloads\chromedriver_win32
	at com.google.common.base.Preconditions.checkState(Preconditions.java:534)
	at org.openqa.selenium.remote.service.DriverService.checkExecutable(DriverService.java:138)
	at org.openqa.selenium.remote.service.DriverService.findExecutable(DriverService.java:131)
	at org.openqa.selenium.chrome.ChromeDriverService.access$000(ChromeDriverService.java:32)
	at org.openqa.selenium.chrome.ChromeDriverService$Builder.findDefaultExecutable(ChromeDriverService.java:137)
	at org.openqa.selenium.remote.service.DriverService$Builder.build(DriverService.java:329)
	at org.openqa.selenium.chrome.ChromeDriverService.createDefaultService(ChromeDriverService.java:88)
	at org.openqa.selenium.chrome.ChromeDriver.&lt;init&gt;(ChromeDriver.java:123)
	at Jen_Demo.NewTest.NewTest(NewTest.java:12)
</failure>
    <system-out>Configuring TestNG with: org.apache.maven.surefire.testng.conf.TestNG652Configurator@442d9b6e
</system-out>
  </testcase>
</testsuite>