<?xml version="1.0" encoding="UTF-8"?>
<!-- Generated by org.testng.reporters.JUnitXMLReporter -->
<testsuite hostname="DESKTOP-8HHAR7I" ignored="0" name="Command line test" tests="1" failures="1" timestamp="15 Feb 2019 07:22:30 GMT" time="0.19" errors="0">
  <testcase name="NewTest" time="0.139" classname="Jen_Demo.NewTest">
    <failure type="java.lang.IllegalStateException" message="The driver executable is a directory: C:\Users\SRIVALLIPAVANAGAYATH\Downloads\chromedriver_win32">
      <![CDATA[java.lang.IllegalStateException: The driver executable is a directory: C:\Users\SRIVALLIPAVANAGAYATH\Downloads\chromedriver_win32
	at com.google.common.base.Preconditions.checkState(Preconditions.java:534)
	at org.openqa.selenium.remote.service.DriverService.checkExecutable(DriverService.java:138)
	at org.openqa.selenium.remote.service.DriverService.findExecutable(DriverService.java:131)
	at org.openqa.selenium.chrome.ChromeDriverService.access$000(ChromeDriverService.java:32)
	at org.openqa.selenium.chrome.ChromeDriverService$Builder.findDefaultExecutable(ChromeDriverService.java:137)
	at org.openqa.selenium.remote.service.DriverService$Builder.build(DriverService.java:329)
	at org.openqa.selenium.chrome.ChromeDriverService.createDefaultService(ChromeDriverService.java:88)
	at org.openqa.selenium.chrome.ChromeDriver.<init>(ChromeDriver.java:123)
	at Jen_Demo.NewTest.NewTest(NewTest.java:12)
... Removed 34 stack frames]]>
    </failure>
  </testcase> <!-- NewTest -->
</testsuite> <!-- Command line test -->
