<?xml version="1.0" encoding="UTF-8"?>
<testng-results skipped="0" failed="0" ignored="0" total="1" passed="1">
  <reporter-output>
  </reporter-output>
  <suite name="Default suite" duration-ms="60" started-at="2019-02-15T06:40:39Z" finished-at="2019-02-15T06:40:39Z">
    <groups>
    </groups>
    <test name="Default test" duration-ms="60" started-at="2019-02-15T06:40:39Z" finished-at="2019-02-15T06:40:39Z">
      <class name="Jen_Demo.NewTest">
        <test-method status="PASS" signature="NewTest()[pri:0, instance:Jen_Demo.NewTest@5034c75a]" name="NewTest" duration-ms="15" started-at="2019-02-15T12:10:39Z" finished-at="2019-02-15T12:10:39Z">
          <reporter-output>
          </reporter-output>
        </test-method> <!-- NewTest -->
      </class> <!-- Jen_Demo.NewTest -->
    </test> <!-- Default test -->
  </suite> <!-- Default suite -->
</testng-results>
